<?xml version="1.0" encoding="UTF-8"?>
<testng-results skipped="0" failed="0" ignored="0" total="1" passed="1">
  <reporter-output>
  </reporter-output>
  <suite name="Default suite" duration-ms="40" started-at="2020-07-04T13:55:23Z" finished-at="2020-07-04T13:55:23Z">
    <groups>
    </groups>
    <test name="Default test" duration-ms="40" started-at="2020-07-04T13:55:23Z" finished-at="2020-07-04T13:55:23Z">
      <class name="learnAnnotaion.Flow">
        <test-method status="PASS" signature="beforeSuite()[pri:0, instance:learnAnnotaion.Flow@5906ebcb]" name="beforeSuite" is-config="true" duration-ms="21" started-at="2020-07-04T13:55:23Z" finished-at="2020-07-04T13:55:23Z">
          <reporter-output>
          </reporter-output>
        </test-method> <!-- beforeSuite -->
        <test-method status="PASS" signature="beforeTest()[pri:0, instance:learnAnnotaion.Flow@5906ebcb]" name="beforeTest" is-config="true" duration-ms="1" started-at="2020-07-04T13:55:23Z" finished-at="2020-07-04T13:55:23Z">
          <reporter-output>
          </reporter-output>
        </test-method> <!-- beforeTest -->
        <test-method status="PASS" signature="beforeClass()[pri:0, instance:learnAnnotaion.Flow@5906ebcb]" name="beforeClass" is-config="true" duration-ms="0" started-at="2020-07-04T13:55:23Z" finished-at="2020-07-04T13:55:23Z">
          <reporter-output>
          </reporter-output>
        </test-method> <!-- beforeClass -->
        <test-method status="PASS" signature="beforeMethod()[pri:0, instance:learnAnnotaion.Flow@5906ebcb]" name="beforeMethod" is-config="true" duration-ms="1" started-at="2020-07-04T13:55:23Z" finished-at="2020-07-04T13:55:23Z">
          <reporter-output>
          </reporter-output>
        </test-method> <!-- beforeMethod -->
        <test-method status="PASS" signature="test1()[pri:0, instance:learnAnnotaion.Flow@5906ebcb]" name="test1" duration-ms="7" started-at="2020-07-04T13:55:23Z" finished-at="2020-07-04T13:55:23Z">
          <reporter-output>
          </reporter-output>
        </test-method> <!-- test1 -->
        <test-method status="PASS" signature="afterMethod()[pri:0, instance:learnAnnotaion.Flow@5906ebcb]" name="afterMethod" is-config="true" duration-ms="0" started-at="2020-07-04T13:55:23Z" finished-at="2020-07-04T13:55:23Z">
          <reporter-output>
          </reporter-output>
        </test-method> <!-- afterMethod -->
        <test-method status="PASS" signature="afterClass2()[pri:0, instance:learnAnnotaion.Flow@5906ebcb]" name="afterClass2" is-config="true" duration-ms="0" started-at="2020-07-04T13:55:23Z" finished-at="2020-07-04T13:55:23Z">
          <reporter-output>
          </reporter-output>
        </test-method> <!-- afterClass2 -->
        <test-method status="PASS" signature="afterClass()[pri:0, instance:learnAnnotaion.Flow@5906ebcb]" name="afterClass" is-config="true" duration-ms="0" started-at="2020-07-04T13:55:23Z" finished-at="2020-07-04T13:55:23Z">
          <reporter-output>
          </reporter-output>
        </test-method> <!-- afterClass -->
        <test-method status="PASS" signature="afterTest()[pri:0, instance:learnAnnotaion.Flow@5906ebcb]" name="afterTest" is-config="true" duration-ms="1" started-at="2020-07-04T13:55:23Z" finished-at="2020-07-04T13:55:23Z">
          <reporter-output>
          </reporter-output>
        </test-method> <!-- afterTest -->
        <test-method status="PASS" signature="afterSuite1()[pri:0, instance:learnAnnotaion.Flow@5906ebcb]" name="afterSuite1" is-config="true" duration-ms="0" started-at="2020-07-04T13:55:24Z" finished-at="2020-07-04T13:55:24Z">
          <reporter-output>
          </reporter-output>
        </test-method> <!-- afterSuite1 -->
        <test-method status="PASS" signature="afterSuite2()[pri:0, instance:learnAnnotaion.Flow@5906ebcb]" name="afterSuite2" is-config="true" duration-ms="0" started-at="2020-07-04T13:55:24Z" finished-at="2020-07-04T13:55:24Z">
          <reporter-output>
          </reporter-output>
        </test-method> <!-- afterSuite2 -->
      </class> <!-- learnAnnotaion.Flow -->
    </test> <!-- Default test -->
  </suite> <!-- Default suite -->
</testng-results>
